build/app/intermediates/manifest_merge_blame_file/release/manifest-merger-blame-release-report.txt
1<?xml version="1.0" encoding="utf-8"?>
2<manifest xmlns:android="http://schemas.android.com/apk/res/android"
3    package="com.example.native_lib_poc"
4    android:versionCode="1001"
5    android:versionName="1.0.0" >
6
7    <uses-sdk
8        android:minSdkVersion="16"
8-->src/main/AndroidManifest.xml
9        android:targetSdkVersion="30" />
9-->src/main/AndroidManifest.xml
10
11    <uses-permission android:name="android.permission.READ_EXTERNAL_STORAGE" />
11-->src/main/AndroidManifest.xml:4:5-79
11-->src/main/AndroidManifest.xml:4:22-77
12    <uses-permission android:name="android.permission.WRITE_EXTERNAL_STORAGE" />
12-->src/main/AndroidManifest.xml:5:5-80
12-->src/main/AndroidManifest.xml:5:22-78
13
14    <application
14-->src/main/AndroidManifest.xml:6:4-46:19
15        android:appComponentFactory="androidx.core.app.CoreComponentFactory"
15-->[androidx.core:core:1.1.0] AndroidManifest.xml:24:18-86
16        android:icon="@mipmap/ic_launcher"
16-->src/main/AndroidManifest.xml:9:9-43
17        android:label="native_lib_poc"
17-->src/main/AndroidManifest.xml:7:9-39
18        android:requestLegacyExternalStorage="true" >
18-->src/main/AndroidManifest.xml:8:9-52
19        <activity
19-->src/main/AndroidManifest.xml:11:9-40:20
20            android:name="com.example.native_lib_poc.MainActivity"
20-->src/main/AndroidManifest.xml:12:13-41
21            android:configChanges="orientation|keyboardHidden|keyboard|screenSize|smallestScreenSize|locale|layoutDirection|fontScale|screenLayout|density|uiMode"
21-->src/main/AndroidManifest.xml:15:13-163
22            android:hardwareAccelerated="true"
22-->src/main/AndroidManifest.xml:16:13-47
23            android:launchMode="singleTop"
23-->src/main/AndroidManifest.xml:13:13-43
24            android:theme="@style/LaunchTheme"
24-->src/main/AndroidManifest.xml:14:13-47
25            android:windowSoftInputMode="adjustResize" >
25-->src/main/AndroidManifest.xml:17:13-55
26
27            <!--
28                 Specifies an Android theme to apply to this Activity as soon as
29                 the Android process has started. This theandroid:installLocation="preferExternal"me is visible to the user
30                 while the Flutter UI initializes. After that, this theme continues
31                 to determine the Window background behind the Flutter UI.
32            -->
33            <meta-data
33-->src/main/AndroidManifest.xml:23:13-26:17
34                android:name="io.flutter.embedding.android.NormalTheme"
34-->src/main/AndroidManifest.xml:24:15-70
35                android:resource="@style/NormalTheme" />
35-->src/main/AndroidManifest.xml:25:15-52
36            <!--
37                 Displays an Android View that continues showing the launch screen
38                 Drawable until Flutter paints its first frame, then this splash
39                 screen fades out. A splash screen is useful to avoid any visual
40                 gap between the end of Android's launch screen and the painting of
41                 Flutter's first frame.
42            -->
43            <meta-data
43-->src/main/AndroidManifest.xml:32:13-35:17
44                android:name="io.flutter.embedding.android.SplashScreenDrawable"
44-->src/main/AndroidManifest.xml:33:15-79
45                android:resource="@drawable/launch_background" />
45-->src/main/AndroidManifest.xml:34:15-61
46
47            <intent-filter>
47-->src/main/AndroidManifest.xml:36:13-39:29
48                <action android:name="android.intent.action.MAIN" />
48-->src/main/AndroidManifest.xml:37:17-68
48-->src/main/AndroidManifest.xml:37:25-66
49
50                <category android:name="android.intent.category.LAUNCHER" />
50-->src/main/AndroidManifest.xml:38:17-76
50-->src/main/AndroidManifest.xml:38:27-74
51            </intent-filter>
52        </activity>
53        <!--
54             Don't delete the meta-data below.
55             This is used by the Flutter tool to generate GeneratedPluginRegistrant.java
56        -->
57        <meta-data
57-->src/main/AndroidManifest.xml:43:9-45:33
58            android:name="flutterEmbedding"
58-->src/main/AndroidManifest.xml:44:13-44
59            android:value="2" />
59-->src/main/AndroidManifest.xml:45:13-30
60    </application>
61
62</manifest>